[27408:1] 2025-10-31 09:56:41.679 [0xB904(3) InitializeLog] [SET_LOGPATH] %programdata%\Geni\Insights\logs\cmon.cmd.exe.log
[27408:1] 2025-10-31 09:56:41.681 [0xB904(0) CxCommonApi::LogModuleInfo] [MODULE LOADING] ModuleName cmon64.dll, Version [2.0.0.1], ModulePath C:\Program Files\Geni\Insights\temp\cmon64.dll ModifiedTime 2023-06-15 17:37:50
[27408:1] 2025-10-31 09:56:41.681 [0xB904(183) CxConsoleMonitor::Initialize] [Initialize]
[27408:1] 2025-10-31 09:56:41.682 [0xB904(183) CxSensorPipeClient::Initialize] [Initialize]
[27408:1] 2025-10-31 09:56:41.682 [0xB904(0) CxThreadPool::Initialize] Queue init : OutputQue 0, nThreadPoolSize : 1
[27408:1] 2025-10-31 09:56:41.683 [0xB904(183) CxThreadPool::CreateThreadPool] Create 1 WorkerThread
[27408:1] 2025-10-31 09:56:41.684 [0xB904(183) CxConsoleMonitor::InstallHook] [InstallHook]
[27408:1] 2025-10-31 09:56:41.685 [0xB904(126) CxConsoleMonitor::xGetProcAddress] [GET_PROC_ADDR] ReadConsoleW from kernelbase.dll
[27408:1] 2025-10-31 09:56:41.685 [0xB904(183) CxConsoleMonitor::InstallHook] [INSTALL_HOOK] ReadConsoleW : cmd.exe:27408
[27408:1] 2025-10-31 09:56:41.686 [0xB904(183) CxConsoleMonitor::xGetProcAddress] [GET_PROC_ADDR] ReadConsoleInputW from kernelbase.dll
[27408:1] 2025-10-31 09:56:41.686 [0xB904(183) CxConsoleMonitor::InstallHook] [INSTALL_HOOK] RealReadConsoleInputW : cmd.exe:27408
[27408:1] 2025-10-31 09:56:41.687 [0xB904(183) CxConsoleMonitor::InstallHook] [SUCCESS]
[27408:1] 2025-10-31 09:56:41.687 [0xB904(183) CxConsoleMonitor::GetCmonProfileInfo] [REQ_CMON_PROFILE] 
[27408:1] 2025-10-31 09:56:41.688 [0xB904(0) CxConsoleMonitor::Initialize] [/Initialize] SUCCESS
[27408:1] 2025-10-31 09:56:41.689 [0xBA1C(87) CxThreadPool::ThreadEntry] Worker Thread begins
[27408:1] 2025-10-31 09:56:41.691 [0xBA1C(1) CxSensorPipeClient::SendJson] [SEND][ReqType:4] {
   "PID" : 27408,
   "ProcPath" : "C:\\Windows\\system32\\cmd.exe",
   "ReqType" : "xSensorRequestType_GetCmonProfile"
}

[27408:1] 2025-10-31 09:56:41.692 [0xBA1C(183) CxSensorPipeClient::SendJson] [RECV] {
   "MaxConsoleInputLength" : 1000
}

[27408:1] 2025-10-31 09:56:41.692 [0xBA1C(183) CxConsoleMonitor::PipeResponseCallback] [RES_CALLBACK]
[27408:1] 2025-10-31 09:56:41.693 [0xBA1C(183) CxConsoleMonitor::PipeResponseCallback] [CMON_PROFILE] MaxConsoleInputLength : 1000
[27408:1] 2025-10-31 09:56:42.148 [0xB904(126) CxConsoleMonitor::Uninitialize] [Uninitialize]
[27408:1] 2025-10-31 09:56:42.149 [0xB904(183) CxSensorPipeClient::Uninitialize] [Uninitialize]
[27408:1] 2025-10-31 09:56:42.150 [0xB904(183) CxSensorPipeClient::Uninitialize] [/Uninitialize]
[27408:1] 2025-10-31 09:56:42.151 [0xB904(183) CxConsoleMonitor::Uninitialize] [/Uninitialize] SUCCESS
